===============================================
This application is instrumented by MyPinTool
===============================================
282475250.000000 632408832.000000 String Test

10ddc8c90 PUSH -r-> rbp rsp -w-> rsp
        [0]  -w-> 7ffee1e37720 <8>
10ddc8c91 MOV -r-> rsp -w-> rbp
        [1]  no mem access
10ddc8c94 SUB -r-> rsp -w-> rsp rflags
        [2]  no mem access
10ddc8c9b LEA -r-> rip -w-> rax
        [3]  no mem access
10ddc8ca2 MOV -r-> rip -w-> rcx
        [4]  -r-> 10ddc9000 <8>
10ddc8ca9 MOV -r-> rcx -w-> rcx
        [5]  -r-> 7fffaefec070 <8>
10ddc8cac MOV -r-> rbp rcx
        [6]  -w-> 7ffee1e37718 <8>
10ddc8cb0 MOV -r-> rbp
        [7]  -w-> 7ffee1e3751c <4>
10ddc8cba MOV -r-> rbp edi
        [8]  -w-> 7ffee1e37518 <4>
10ddc8cc0 MOV -r-> rbp rsi
        [9]  -w-> 7ffee1e37510 <8>
10ddc8cc7 MOV -r-> rbp rax
        [10]  -w-> 7ffee1e37500 <8>
10ddc8cce CMP -r-> rbp -w-> rflags
        [11]  -r-> 7ffee1e37518 <4>
10ddc8cd5 SETNLE -r-> rflags -w-> dl
        [12]  no mem access
10ddc8cd8 AND -r-> dl -w-> dl rflags
        [13]  no mem access
10ddc8cdb MOVZX -r-> dl -w-> edi
        [14]  no mem access
10ddc8cde MOV -r-> rbp edi
        [15]  -w-> 7ffee1e374f8 <4>
10ddc8ce4 MOV -r-> rbp
        [16]  -w-> 7ffee1e374f4 <4>
10ddc8cee CMP -r-> rbp -w-> rflags
        [17]  -r-> 7ffee1e374f4 <4>
        [40]  -r-> 7ffee1e374f4 <4>
        [58]  -r-> 7ffee1e374f4 <4>
        [76]  -r-> 7ffee1e374f4 <4>
        [94]  -r-> 7ffee1e374f4 <4>
        [112]  -r-> 7ffee1e374f4 <4>
        [130]  -r-> 7ffee1e374f4 <4>
        [148]  -r-> 7ffee1e374f4 <4>
        [166]  -r-> 7ffee1e374f4 <4>
        [184]  -r-> 7ffee1e374f4 <4>
        [202]  -r-> 7ffee1e374f4 <4>
        [220]  -r-> 7ffee1e374f4 <4>
        [238]  -r-> 7ffee1e374f4 <4>
        [256]  -r-> 7ffee1e374f4 <4>
        [274]  -r-> 7ffee1e374f4 <4>
        [292]  -r-> 7ffee1e374f4 <4>
        [310]  -r-> 7ffee1e374f4 <4>
        [328]  -r-> 7ffee1e374f4 <4>
        [346]  -r-> 7ffee1e374f4 <4>
        [364]  -r-> 7ffee1e374f4 <4>
        [382]  -r-> 7ffee1e374f4 <4>
10ddc8cf5 JNL -r-> rip rflags -w-> rip
        [18]  no mem access
        [41]  no mem access
        [59]  no mem access
        [77]  no mem access
        [95]  no mem access
        [113]  no mem access
        [131]  no mem access
        [149]  no mem access
        [167]  no mem access
        [185]  no mem access
        [203]  no mem access
        [221]  no mem access
        [239]  no mem access
        [257]  no mem access
        [275]  no mem access
        [293]  no mem access
        [311]  no mem access
        [329]  no mem access
        [347]  no mem access
        [365]  no mem access
        [383]  no mem access
10ddc8cfb CALL_NEAR -r-> rip rsp -w-> rip rsp
        [19]  -w-> 7ffee1e374b8 <8>
        [42]  -w-> 7ffee1e374b8 <8>
        [60]  -w-> 7ffee1e374b8 <8>
        [78]  -w-> 7ffee1e374b8 <8>
        [96]  -w-> 7ffee1e374b8 <8>
        [114]  -w-> 7ffee1e374b8 <8>
        [132]  -w-> 7ffee1e374b8 <8>
        [150]  -w-> 7ffee1e374b8 <8>
        [168]  -w-> 7ffee1e374b8 <8>
        [186]  -w-> 7ffee1e374b8 <8>
        [204]  -w-> 7ffee1e374b8 <8>
        [222]  -w-> 7ffee1e374b8 <8>
        [240]  -w-> 7ffee1e374b8 <8>
        [258]  -w-> 7ffee1e374b8 <8>
        [276]  -w-> 7ffee1e374b8 <8>
        [294]  -w-> 7ffee1e374b8 <8>
        [312]  -w-> 7ffee1e374b8 <8>
        [330]  -w-> 7ffee1e374b8 <8>
        [348]  -w-> 7ffee1e374b8 <8>
        [366]  -w-> 7ffee1e374b8 <8>
10ddc8d00 MOVSD_XMM -r-> rip -w-> xmm0 (float)
        [26]  -r-> 10ddc8f88 <8>
        [44]  -r-> 10ddc8f88 <8>
        [62]  -r-> 10ddc8f88 <8>
        [80]  -r-> 10ddc8f88 <8>
        [98]  -r-> 10ddc8f88 <8>
        [116]  -r-> 10ddc8f88 <8>
        [134]  -r-> 10ddc8f88 <8>
        [152]  -r-> 10ddc8f88 <8>
        [170]  -r-> 10ddc8f88 <8>
        [188]  -r-> 10ddc8f88 <8>
        [206]  -r-> 10ddc8f88 <8>
        [224]  -r-> 10ddc8f88 <8>
        [242]  -r-> 10ddc8f88 <8>
        [260]  -r-> 10ddc8f88 <8>
        [278]  -r-> 10ddc8f88 <8>
        [296]  -r-> 10ddc8f88 <8>
        [314]  -r-> 10ddc8f88 <8>
        [332]  -r-> 10ddc8f88 <8>
        [350]  -r-> 10ddc8f88 <8>
        [368]  -r-> 10ddc8f88 <8>
10ddc8d08 CVTSI2SD -r-> eax -w-> xmm1 (float)
        [27]  no mem access
        [45]  no mem access
        [63]  no mem access
        [81]  no mem access
        [99]  no mem access
        [117]  no mem access
        [135]  no mem access
        [153]  no mem access
        [171]  no mem access
        [189]  no mem access
        [207]  no mem access
        [225]  no mem access
        [243]  no mem access
        [261]  no mem access
        [279]  no mem access
        [297]  no mem access
        [315]  no mem access
        [333]  no mem access
        [351]  no mem access
        [369]  no mem access
10ddc8d0c CVTSI2SD -r-> rbp -w-> xmm2 (float)
        [28]  -r-> 7ffee1e374f4 <4>
        [46]  -r-> 7ffee1e374f4 <4>
        [64]  -r-> 7ffee1e374f4 <4>
        [82]  -r-> 7ffee1e374f4 <4>
        [100]  -r-> 7ffee1e374f4 <4>
        [118]  -r-> 7ffee1e374f4 <4>
        [136]  -r-> 7ffee1e374f4 <4>
        [154]  -r-> 7ffee1e374f4 <4>
        [172]  -r-> 7ffee1e374f4 <4>
        [190]  -r-> 7ffee1e374f4 <4>
        [208]  -r-> 7ffee1e374f4 <4>
        [226]  -r-> 7ffee1e374f4 <4>
        [244]  -r-> 7ffee1e374f4 <4>
        [262]  -r-> 7ffee1e374f4 <4>
        [280]  -r-> 7ffee1e374f4 <4>
        [298]  -r-> 7ffee1e374f4 <4>
        [316]  -r-> 7ffee1e374f4 <4>
        [334]  -r-> 7ffee1e374f4 <4>
        [352]  -r-> 7ffee1e374f4 <4>
        [370]  -r-> 7ffee1e374f4 <4>
10ddc8d14 DIVSD -r-> xmm1 (float) xmm2 (float) -w-> xmm1 (float)
        [29]  no mem access
        [47]  no mem access
        [65]  no mem access
        [83]  no mem access
        [101]  no mem access
        [119]  no mem access
        [137]  no mem access
        [155]  no mem access
        [173]  no mem access
        [191]  no mem access
        [209]  no mem access
        [227]  no mem access
        [245]  no mem access
        [263]  no mem access
        [281]  no mem access
        [299]  no mem access
        [317]  no mem access
        [335]  no mem access
        [353]  no mem access
        [371]  no mem access
10ddc8d18 ADDSD -r-> xmm1 (float) xmm0 (float) -w-> xmm1 (float)
        [30]  no mem access
        [48]  no mem access
        [66]  no mem access
        [84]  no mem access
        [102]  no mem access
        [120]  no mem access
        [138]  no mem access
        [156]  no mem access
        [174]  no mem access
        [192]  no mem access
        [210]  no mem access
        [228]  no mem access
        [246]  no mem access
        [264]  no mem access
        [282]  no mem access
        [300]  no mem access
        [318]  no mem access
        [336]  no mem access
        [354]  no mem access
        [372]  no mem access
10ddc8d1c MOVSXD -r-> rbp -w-> rcx
        [31]  -r-> 7ffee1e374f4 <4>
        [49]  -r-> 7ffee1e374f4 <4>
        [67]  -r-> 7ffee1e374f4 <4>
        [85]  -r-> 7ffee1e374f4 <4>
        [103]  -r-> 7ffee1e374f4 <4>
        [121]  -r-> 7ffee1e374f4 <4>
        [139]  -r-> 7ffee1e374f4 <4>
        [157]  -r-> 7ffee1e374f4 <4>
        [175]  -r-> 7ffee1e374f4 <4>
        [193]  -r-> 7ffee1e374f4 <4>
        [211]  -r-> 7ffee1e374f4 <4>
        [229]  -r-> 7ffee1e374f4 <4>
        [247]  -r-> 7ffee1e374f4 <4>
        [265]  -r-> 7ffee1e374f4 <4>
        [283]  -r-> 7ffee1e374f4 <4>
        [301]  -r-> 7ffee1e374f4 <4>
        [319]  -r-> 7ffee1e374f4 <4>
        [337]  -r-> 7ffee1e374f4 <4>
        [355]  -r-> 7ffee1e374f4 <4>
        [373]  -r-> 7ffee1e374f4 <4>
10ddc8d23 MOVSD_XMM -r-> rbp rcx xmm1 (float)
        [32]  -w-> 7ffee1e37670 <8>
        [50]  -w-> 7ffee1e37678 <8>
        [68]  -w-> 7ffee1e37680 <8>
        [86]  -w-> 7ffee1e37688 <8>
        [104]  -w-> 7ffee1e37690 <8>
        [122]  -w-> 7ffee1e37698 <8>
        [140]  -w-> 7ffee1e376a0 <8>
        [158]  -w-> 7ffee1e376a8 <8>
        [176]  -w-> 7ffee1e376b0 <8>
        [194]  -w-> 7ffee1e376b8 <8>
        [212]  -w-> 7ffee1e376c0 <8>
        [230]  -w-> 7ffee1e376c8 <8>
        [248]  -w-> 7ffee1e376d0 <8>
        [266]  -w-> 7ffee1e376d8 <8>
        [284]  -w-> 7ffee1e376e0 <8>
        [302]  -w-> 7ffee1e376e8 <8>
        [320]  -w-> 7ffee1e376f0 <8>
        [338]  -w-> 7ffee1e376f8 <8>
        [356]  -w-> 7ffee1e37700 <8>
        [374]  -w-> 7ffee1e37708 <8>
10ddc8d2c MOV -r-> rbp -w-> eax
        [33]  -r-> 7ffee1e3750c <4>
        [51]  -r-> 7ffee1e3750c <4>
        [69]  -r-> 7ffee1e3750c <4>
        [87]  -r-> 7ffee1e3750c <4>
        [105]  -r-> 7ffee1e3750c <4>
        [123]  -r-> 7ffee1e3750c <4>
        [141]  -r-> 7ffee1e3750c <4>
        [159]  -r-> 7ffee1e3750c <4>
        [177]  -r-> 7ffee1e3750c <4>
        [195]  -r-> 7ffee1e3750c <4>
        [213]  -r-> 7ffee1e3750c <4>
        [231]  -r-> 7ffee1e3750c <4>
        [249]  -r-> 7ffee1e3750c <4>
        [267]  -r-> 7ffee1e3750c <4>
        [285]  -r-> 7ffee1e3750c <4>
        [303]  -r-> 7ffee1e3750c <4>
        [321]  -r-> 7ffee1e3750c <4>
        [339]  -r-> 7ffee1e3750c <4>
        [357]  -r-> 7ffee1e3750c <4>
        [375]  -r-> 7ffee1e3750c <4>
10ddc8d32 ADD -r-> eax -w-> eax rflags
        [34]  no mem access
        [52]  no mem access
        [70]  no mem access
        [88]  no mem access
        [106]  no mem access
        [124]  no mem access
        [142]  no mem access
        [160]  no mem access
        [178]  no mem access
        [196]  no mem access
        [214]  no mem access
        [232]  no mem access
        [250]  no mem access
        [268]  no mem access
        [286]  no mem access
        [304]  no mem access
        [322]  no mem access
        [340]  no mem access
        [358]  no mem access
        [376]  no mem access
10ddc8d35 MOV -r-> rbp eax
        [35]  -w-> 7ffee1e3750c <4>
        [53]  -w-> 7ffee1e3750c <4>
        [71]  -w-> 7ffee1e3750c <4>
        [89]  -w-> 7ffee1e3750c <4>
        [107]  -w-> 7ffee1e3750c <4>
        [125]  -w-> 7ffee1e3750c <4>
        [143]  -w-> 7ffee1e3750c <4>
        [161]  -w-> 7ffee1e3750c <4>
        [179]  -w-> 7ffee1e3750c <4>
        [197]  -w-> 7ffee1e3750c <4>
        [215]  -w-> 7ffee1e3750c <4>
        [233]  -w-> 7ffee1e3750c <4>
        [251]  -w-> 7ffee1e3750c <4>
        [269]  -w-> 7ffee1e3750c <4>
        [287]  -w-> 7ffee1e3750c <4>
        [305]  -w-> 7ffee1e3750c <4>
        [323]  -w-> 7ffee1e3750c <4>
        [341]  -w-> 7ffee1e3750c <4>
        [359]  -w-> 7ffee1e3750c <4>
        [377]  -w-> 7ffee1e3750c <4>
10ddc8d3b MOV -r-> rbp -w-> eax
        [36]  -r-> 7ffee1e374f4 <4>
        [54]  -r-> 7ffee1e374f4 <4>
        [72]  -r-> 7ffee1e374f4 <4>
        [90]  -r-> 7ffee1e374f4 <4>
        [108]  -r-> 7ffee1e374f4 <4>
        [126]  -r-> 7ffee1e374f4 <4>
        [144]  -r-> 7ffee1e374f4 <4>
        [162]  -r-> 7ffee1e374f4 <4>
        [180]  -r-> 7ffee1e374f4 <4>
        [198]  -r-> 7ffee1e374f4 <4>
        [216]  -r-> 7ffee1e374f4 <4>
        [234]  -r-> 7ffee1e374f4 <4>
        [252]  -r-> 7ffee1e374f4 <4>
        [270]  -r-> 7ffee1e374f4 <4>
        [288]  -r-> 7ffee1e374f4 <4>
        [306]  -r-> 7ffee1e374f4 <4>
        [324]  -r-> 7ffee1e374f4 <4>
        [342]  -r-> 7ffee1e374f4 <4>
        [360]  -r-> 7ffee1e374f4 <4>
        [378]  -r-> 7ffee1e374f4 <4>
10ddc8d41 ADD -r-> eax -w-> eax rflags
        [37]  no mem access
        [55]  no mem access
        [73]  no mem access
        [91]  no mem access
        [109]  no mem access
        [127]  no mem access
        [145]  no mem access
        [163]  no mem access
        [181]  no mem access
        [199]  no mem access
        [217]  no mem access
        [235]  no mem access
        [253]  no mem access
        [271]  no mem access
        [289]  no mem access
        [307]  no mem access
        [325]  no mem access
        [343]  no mem access
        [361]  no mem access
        [379]  no mem access
10ddc8d44 MOV -r-> rbp eax
        [38]  -w-> 7ffee1e374f4 <4>
        [56]  -w-> 7ffee1e374f4 <4>
        [74]  -w-> 7ffee1e374f4 <4>
        [92]  -w-> 7ffee1e374f4 <4>
        [110]  -w-> 7ffee1e374f4 <4>
        [128]  -w-> 7ffee1e374f4 <4>
        [146]  -w-> 7ffee1e374f4 <4>
        [164]  -w-> 7ffee1e374f4 <4>
        [182]  -w-> 7ffee1e374f4 <4>
        [200]  -w-> 7ffee1e374f4 <4>
        [218]  -w-> 7ffee1e374f4 <4>
        [236]  -w-> 7ffee1e374f4 <4>
        [254]  -w-> 7ffee1e374f4 <4>
        [272]  -w-> 7ffee1e374f4 <4>
        [290]  -w-> 7ffee1e374f4 <4>
        [308]  -w-> 7ffee1e374f4 <4>
        [326]  -w-> 7ffee1e374f4 <4>
        [344]  -w-> 7ffee1e374f4 <4>
        [362]  -w-> 7ffee1e374f4 <4>
        [380]  -w-> 7ffee1e374f4 <4>
10ddc8d4a JMP -r-> rip -w-> rip
        [39]  no mem access
        [57]  no mem access
        [75]  no mem access
        [93]  no mem access
        [111]  no mem access
        [129]  no mem access
        [147]  no mem access
        [165]  no mem access
        [183]  no mem access
        [201]  no mem access
        [219]  no mem access
        [237]  no mem access
        [255]  no mem access
        [273]  no mem access
        [291]  no mem access
        [309]  no mem access
        [327]  no mem access
        [345]  no mem access
        [363]  no mem access
        [381]  no mem access
10ddc8d4f MOV -r-> rbp
        [384]  -w-> 7ffee1e374f4 <4>
10ddc8d59 CMP -r-> rbp -w-> rflags
        [385]  -r-> 7ffee1e374f4 <4>
        [403]  -r-> 7ffee1e374f4 <4>
        [421]  -r-> 7ffee1e374f4 <4>
        [439]  -r-> 7ffee1e374f4 <4>
        [457]  -r-> 7ffee1e374f4 <4>
        [475]  -r-> 7ffee1e374f4 <4>
        [493]  -r-> 7ffee1e374f4 <4>
        [511]  -r-> 7ffee1e374f4 <4>
        [529]  -r-> 7ffee1e374f4 <4>
        [547]  -r-> 7ffee1e374f4 <4>
        [565]  -r-> 7ffee1e374f4 <4>
        [583]  -r-> 7ffee1e374f4 <4>
        [601]  -r-> 7ffee1e374f4 <4>
        [619]  -r-> 7ffee1e374f4 <4>
        [637]  -r-> 7ffee1e374f4 <4>
        [655]  -r-> 7ffee1e374f4 <4>
        [673]  -r-> 7ffee1e374f4 <4>
        [691]  -r-> 7ffee1e374f4 <4>
        [709]  -r-> 7ffee1e374f4 <4>
        [727]  -r-> 7ffee1e374f4 <4>
        [745]  -r-> 7ffee1e374f4 <4>
10ddc8d60 JNL -r-> rip rflags -w-> rip
        [386]  no mem access
        [404]  no mem access
        [422]  no mem access
        [440]  no mem access
        [458]  no mem access
        [476]  no mem access
        [494]  no mem access
        [512]  no mem access
        [530]  no mem access
        [548]  no mem access
        [566]  no mem access
        [584]  no mem access
        [602]  no mem access
        [620]  no mem access
        [638]  no mem access
        [656]  no mem access
        [674]  no mem access
        [692]  no mem access
        [710]  no mem access
        [728]  no mem access
        [746]  no mem access
10ddc8d66 CALL_NEAR -r-> rip rsp -w-> rip rsp
        [387]  -w-> 7ffee1e374b8 <8>
        [405]  -w-> 7ffee1e374b8 <8>
        [423]  -w-> 7ffee1e374b8 <8>
        [441]  -w-> 7ffee1e374b8 <8>
        [459]  -w-> 7ffee1e374b8 <8>
        [477]  -w-> 7ffee1e374b8 <8>
        [495]  -w-> 7ffee1e374b8 <8>
        [513]  -w-> 7ffee1e374b8 <8>
        [531]  -w-> 7ffee1e374b8 <8>
        [549]  -w-> 7ffee1e374b8 <8>
        [567]  -w-> 7ffee1e374b8 <8>
        [585]  -w-> 7ffee1e374b8 <8>
        [603]  -w-> 7ffee1e374b8 <8>
        [621]  -w-> 7ffee1e374b8 <8>
        [639]  -w-> 7ffee1e374b8 <8>
        [657]  -w-> 7ffee1e374b8 <8>
        [675]  -w-> 7ffee1e374b8 <8>
        [693]  -w-> 7ffee1e374b8 <8>
        [711]  -w-> 7ffee1e374b8 <8>
        [729]  -w-> 7ffee1e374b8 <8>
10ddc8d6b MOVSS -r-> rip -w-> xmm0 (float)
        [389]  -r-> 10ddc8f80 <4>
        [407]  -r-> 10ddc8f80 <4>
        [425]  -r-> 10ddc8f80 <4>
        [443]  -r-> 10ddc8f80 <4>
        [461]  -r-> 10ddc8f80 <4>
        [479]  -r-> 10ddc8f80 <4>
        [497]  -r-> 10ddc8f80 <4>
        [515]  -r-> 10ddc8f80 <4>
        [533]  -r-> 10ddc8f80 <4>
        [551]  -r-> 10ddc8f80 <4>
        [569]  -r-> 10ddc8f80 <4>
        [587]  -r-> 10ddc8f80 <4>
        [605]  -r-> 10ddc8f80 <4>
        [623]  -r-> 10ddc8f80 <4>
        [641]  -r-> 10ddc8f80 <4>
        [659]  -r-> 10ddc8f80 <4>
        [677]  -r-> 10ddc8f80 <4>
        [695]  -r-> 10ddc8f80 <4>
        [713]  -r-> 10ddc8f80 <4>
        [731]  -r-> 10ddc8f80 <4>
10ddc8d73 CVTSI2SS -r-> eax -w-> xmm1 (float)
        [390]  no mem access
        [408]  no mem access
        [426]  no mem access
        [444]  no mem access
        [462]  no mem access
        [480]  no mem access
        [498]  no mem access
        [516]  no mem access
        [534]  no mem access
        [552]  no mem access
        [570]  no mem access
        [588]  no mem access
        [606]  no mem access
        [624]  no mem access
        [642]  no mem access
        [660]  no mem access
        [678]  no mem access
        [696]  no mem access
        [714]  no mem access
        [732]  no mem access
10ddc8d77 CVTSI2SS -r-> rbp -w-> xmm2 (float)
        [391]  -r-> 7ffee1e374f4 <4>
        [409]  -r-> 7ffee1e374f4 <4>
        [427]  -r-> 7ffee1e374f4 <4>
        [445]  -r-> 7ffee1e374f4 <4>
        [463]  -r-> 7ffee1e374f4 <4>
        [481]  -r-> 7ffee1e374f4 <4>
        [499]  -r-> 7ffee1e374f4 <4>
        [517]  -r-> 7ffee1e374f4 <4>
        [535]  -r-> 7ffee1e374f4 <4>
        [553]  -r-> 7ffee1e374f4 <4>
        [571]  -r-> 7ffee1e374f4 <4>
        [589]  -r-> 7ffee1e374f4 <4>
        [607]  -r-> 7ffee1e374f4 <4>
        [625]  -r-> 7ffee1e374f4 <4>
        [643]  -r-> 7ffee1e374f4 <4>
        [661]  -r-> 7ffee1e374f4 <4>
        [679]  -r-> 7ffee1e374f4 <4>
        [697]  -r-> 7ffee1e374f4 <4>
        [715]  -r-> 7ffee1e374f4 <4>
        [733]  -r-> 7ffee1e374f4 <4>
10ddc8d7f DIVSS -r-> xmm1 (float) xmm2 (float) -w-> xmm1 (float)
        [392]  no mem access
        [410]  no mem access
        [428]  no mem access
        [446]  no mem access
        [464]  no mem access
        [482]  no mem access
        [500]  no mem access
        [518]  no mem access
        [536]  no mem access
        [554]  no mem access
        [572]  no mem access
        [590]  no mem access
        [608]  no mem access
        [626]  no mem access
        [644]  no mem access
        [662]  no mem access
        [680]  no mem access
        [698]  no mem access
        [716]  no mem access
        [734]  no mem access
10ddc8d83 ADDSS -r-> xmm1 (float) xmm0 (float) -w-> xmm1 (float)
        [393]  no mem access
        [411]  no mem access
        [429]  no mem access
        [447]  no mem access
        [465]  no mem access
        [483]  no mem access
        [501]  no mem access
        [519]  no mem access
        [537]  no mem access
        [555]  no mem access
        [573]  no mem access
        [591]  no mem access
        [609]  no mem access
        [627]  no mem access
        [645]  no mem access
        [663]  no mem access
        [681]  no mem access
        [699]  no mem access
        [717]  no mem access
        [735]  no mem access
10ddc8d87 MOVSXD -r-> rbp -w-> rcx
        [394]  -r-> 7ffee1e374f4 <4>
        [412]  -r-> 7ffee1e374f4 <4>
        [430]  -r-> 7ffee1e374f4 <4>
        [448]  -r-> 7ffee1e374f4 <4>
        [466]  -r-> 7ffee1e374f4 <4>
        [484]  -r-> 7ffee1e374f4 <4>
        [502]  -r-> 7ffee1e374f4 <4>
        [520]  -r-> 7ffee1e374f4 <4>
        [538]  -r-> 7ffee1e374f4 <4>
        [556]  -r-> 7ffee1e374f4 <4>
        [574]  -r-> 7ffee1e374f4 <4>
        [592]  -r-> 7ffee1e374f4 <4>
        [610]  -r-> 7ffee1e374f4 <4>
        [628]  -r-> 7ffee1e374f4 <4>
        [646]  -r-> 7ffee1e374f4 <4>
        [664]  -r-> 7ffee1e374f4 <4>
        [682]  -r-> 7ffee1e374f4 <4>
        [700]  -r-> 7ffee1e374f4 <4>
        [718]  -r-> 7ffee1e374f4 <4>
        [736]  -r-> 7ffee1e374f4 <4>
10ddc8d8e MOVSS -r-> rbp rcx xmm1 (float)
        [395]  -w-> 7ffee1e37620 <4>
        [413]  -w-> 7ffee1e37624 <4>
        [431]  -w-> 7ffee1e37628 <4>
        [449]  -w-> 7ffee1e3762c <4>
        [467]  -w-> 7ffee1e37630 <4>
        [485]  -w-> 7ffee1e37634 <4>
        [503]  -w-> 7ffee1e37638 <4>
        [521]  -w-> 7ffee1e3763c <4>
        [539]  -w-> 7ffee1e37640 <4>
        [557]  -w-> 7ffee1e37644 <4>
        [575]  -w-> 7ffee1e37648 <4>
        [593]  -w-> 7ffee1e3764c <4>
        [611]  -w-> 7ffee1e37650 <4>
        [629]  -w-> 7ffee1e37654 <4>
        [647]  -w-> 7ffee1e37658 <4>
        [665]  -w-> 7ffee1e3765c <4>
        [683]  -w-> 7ffee1e37660 <4>
        [701]  -w-> 7ffee1e37664 <4>
        [719]  -w-> 7ffee1e37668 <4>
        [737]  -w-> 7ffee1e3766c <4>
10ddc8d97 MOV -r-> rbp -w-> eax
        [396]  -r-> 7ffee1e37508 <4>
        [414]  -r-> 7ffee1e37508 <4>
        [432]  -r-> 7ffee1e37508 <4>
        [450]  -r-> 7ffee1e37508 <4>
        [468]  -r-> 7ffee1e37508 <4>
        [486]  -r-> 7ffee1e37508 <4>
        [504]  -r-> 7ffee1e37508 <4>
        [522]  -r-> 7ffee1e37508 <4>
        [540]  -r-> 7ffee1e37508 <4>
        [558]  -r-> 7ffee1e37508 <4>
        [576]  -r-> 7ffee1e37508 <4>
        [594]  -r-> 7ffee1e37508 <4>
        [612]  -r-> 7ffee1e37508 <4>
        [630]  -r-> 7ffee1e37508 <4>
        [648]  -r-> 7ffee1e37508 <4>
        [666]  -r-> 7ffee1e37508 <4>
        [684]  -r-> 7ffee1e37508 <4>
        [702]  -r-> 7ffee1e37508 <4>
        [720]  -r-> 7ffee1e37508 <4>
        [738]  -r-> 7ffee1e37508 <4>
10ddc8d9d ADD -r-> eax -w-> eax rflags
        [397]  no mem access
        [415]  no mem access
        [433]  no mem access
        [451]  no mem access
        [469]  no mem access
        [487]  no mem access
        [505]  no mem access
        [523]  no mem access
        [541]  no mem access
        [559]  no mem access
        [577]  no mem access
        [595]  no mem access
        [613]  no mem access
        [631]  no mem access
        [649]  no mem access
        [667]  no mem access
        [685]  no mem access
        [703]  no mem access
        [721]  no mem access
        [739]  no mem access
10ddc8da0 MOV -r-> rbp eax
        [398]  -w-> 7ffee1e37508 <4>
        [416]  -w-> 7ffee1e37508 <4>
        [434]  -w-> 7ffee1e37508 <4>
        [452]  -w-> 7ffee1e37508 <4>
        [470]  -w-> 7ffee1e37508 <4>
        [488]  -w-> 7ffee1e37508 <4>
        [506]  -w-> 7ffee1e37508 <4>
        [524]  -w-> 7ffee1e37508 <4>
        [542]  -w-> 7ffee1e37508 <4>
        [560]  -w-> 7ffee1e37508 <4>
        [578]  -w-> 7ffee1e37508 <4>
        [596]  -w-> 7ffee1e37508 <4>
        [614]  -w-> 7ffee1e37508 <4>
        [632]  -w-> 7ffee1e37508 <4>
        [650]  -w-> 7ffee1e37508 <4>
        [668]  -w-> 7ffee1e37508 <4>
        [686]  -w-> 7ffee1e37508 <4>
        [704]  -w-> 7ffee1e37508 <4>
        [722]  -w-> 7ffee1e37508 <4>
        [740]  -w-> 7ffee1e37508 <4>
10ddc8da6 MOV -r-> rbp -w-> eax
        [399]  -r-> 7ffee1e374f4 <4>
        [417]  -r-> 7ffee1e374f4 <4>
        [435]  -r-> 7ffee1e374f4 <4>
        [453]  -r-> 7ffee1e374f4 <4>
        [471]  -r-> 7ffee1e374f4 <4>
        [489]  -r-> 7ffee1e374f4 <4>
        [507]  -r-> 7ffee1e374f4 <4>
        [525]  -r-> 7ffee1e374f4 <4>
        [543]  -r-> 7ffee1e374f4 <4>
        [561]  -r-> 7ffee1e374f4 <4>
        [579]  -r-> 7ffee1e374f4 <4>
        [597]  -r-> 7ffee1e374f4 <4>
        [615]  -r-> 7ffee1e374f4 <4>
        [633]  -r-> 7ffee1e374f4 <4>
        [651]  -r-> 7ffee1e374f4 <4>
        [669]  -r-> 7ffee1e374f4 <4>
        [687]  -r-> 7ffee1e374f4 <4>
        [705]  -r-> 7ffee1e374f4 <4>
        [723]  -r-> 7ffee1e374f4 <4>
        [741]  -r-> 7ffee1e374f4 <4>
10ddc8dac ADD -r-> eax -w-> eax rflags
        [400]  no mem access
        [418]  no mem access
        [436]  no mem access
        [454]  no mem access
        [472]  no mem access
        [490]  no mem access
        [508]  no mem access
        [526]  no mem access
        [544]  no mem access
        [562]  no mem access
        [580]  no mem access
        [598]  no mem access
        [616]  no mem access
        [634]  no mem access
        [652]  no mem access
        [670]  no mem access
        [688]  no mem access
        [706]  no mem access
        [724]  no mem access
        [742]  no mem access
10ddc8daf MOV -r-> rbp eax
        [401]  -w-> 7ffee1e374f4 <4>
        [419]  -w-> 7ffee1e374f4 <4>
        [437]  -w-> 7ffee1e374f4 <4>
        [455]  -w-> 7ffee1e374f4 <4>
        [473]  -w-> 7ffee1e374f4 <4>
        [491]  -w-> 7ffee1e374f4 <4>
        [509]  -w-> 7ffee1e374f4 <4>
        [527]  -w-> 7ffee1e374f4 <4>
        [545]  -w-> 7ffee1e374f4 <4>
        [563]  -w-> 7ffee1e374f4 <4>
        [581]  -w-> 7ffee1e374f4 <4>
        [599]  -w-> 7ffee1e374f4 <4>
        [617]  -w-> 7ffee1e374f4 <4>
        [635]  -w-> 7ffee1e374f4 <4>
        [653]  -w-> 7ffee1e374f4 <4>
        [671]  -w-> 7ffee1e374f4 <4>
        [689]  -w-> 7ffee1e374f4 <4>
        [707]  -w-> 7ffee1e374f4 <4>
        [725]  -w-> 7ffee1e374f4 <4>
        [743]  -w-> 7ffee1e374f4 <4>
10ddc8db5 JMP -r-> rip -w-> rip
        [402]  no mem access
        [420]  no mem access
        [438]  no mem access
        [456]  no mem access
        [474]  no mem access
        [492]  no mem access
        [510]  no mem access
        [528]  no mem access
        [546]  no mem access
        [564]  no mem access
        [582]  no mem access
        [600]  no mem access
        [618]  no mem access
        [636]  no mem access
        [654]  no mem access
        [672]  no mem access
        [690]  no mem access
        [708]  no mem access
        [726]  no mem access
        [744]  no mem access
10ddc8dba MOV -r-> rbp
        [747]  -w-> 7ffee1e374f4 <4>
10ddc8dc4 MOVSXD -r-> rbp -w-> rax
        [748]  -r-> 7ffee1e374f4 <4>
        [773]  -r-> 7ffee1e374f4 <4>
        [793]  -r-> 7ffee1e374f4 <4>
        [813]  -r-> 7ffee1e374f4 <4>
        [833]  -r-> 7ffee1e374f4 <4>
        [853]  -r-> 7ffee1e374f4 <4>
        [873]  -r-> 7ffee1e374f4 <4>
        [893]  -r-> 7ffee1e374f4 <4>
        [913]  -r-> 7ffee1e374f4 <4>
        [933]  -r-> 7ffee1e374f4 <4>
        [953]  -r-> 7ffee1e374f4 <4>
        [973]  -r-> 7ffee1e374f4 <4>
        [993]  -r-> 7ffee1e374f4 <4>
10ddc8dcb MOV -r-> rbp -w-> rdi
        [749]  -r-> 7ffee1e37500 <8>
        [774]  -r-> 7ffee1e37500 <8>
        [794]  -r-> 7ffee1e37500 <8>
        [814]  -r-> 7ffee1e37500 <8>
        [834]  -r-> 7ffee1e37500 <8>
        [854]  -r-> 7ffee1e37500 <8>
        [874]  -r-> 7ffee1e37500 <8>
        [894]  -r-> 7ffee1e37500 <8>
        [914]  -r-> 7ffee1e37500 <8>
        [934]  -r-> 7ffee1e37500 <8>
        [954]  -r-> 7ffee1e37500 <8>
        [974]  -r-> 7ffee1e37500 <8>
        [994]  -r-> 7ffee1e37500 <8>
10ddc8dd2 MOV -r-> rbp rax
        [750]  -w-> 7ffee1e374e0 <8>
        [775]  -w-> 7ffee1e374e0 <8>
        [795]  -w-> 7ffee1e374e0 <8>
        [815]  -w-> 7ffee1e374e0 <8>
        [835]  -w-> 7ffee1e374e0 <8>
        [855]  -w-> 7ffee1e374e0 <8>
        [875]  -w-> 7ffee1e374e0 <8>
        [895]  -w-> 7ffee1e374e0 <8>
        [915]  -w-> 7ffee1e374e0 <8>
        [935]  -w-> 7ffee1e374e0 <8>
        [955]  -w-> 7ffee1e374e0 <8>
        [975]  -w-> 7ffee1e374e0 <8>
        [995]  -w-> 7ffee1e374e0 <8>
10ddc8dd9 CALL_NEAR -r-> rip rsp -w-> rip rsp
        [751]  -w-> 7ffee1e374b8 <8>
        [776]  -w-> 7ffee1e374b8 <8>
        [796]  -w-> 7ffee1e374b8 <8>
        [816]  -w-> 7ffee1e374b8 <8>
        [836]  -w-> 7ffee1e374b8 <8>
        [856]  -w-> 7ffee1e374b8 <8>
        [876]  -w-> 7ffee1e374b8 <8>
        [896]  -w-> 7ffee1e374b8 <8>
        [916]  -w-> 7ffee1e374b8 <8>
        [936]  -w-> 7ffee1e374b8 <8>
        [956]  -w-> 7ffee1e374b8 <8>
        [976]  -w-> 7ffee1e374b8 <8>
        [996]  -w-> 7ffee1e374b8 <8>
10ddc8dde MOV -r-> rbp -w-> rdi
        [758]  -r-> 7ffee1e374e0 <8>
        [778]  -r-> 7ffee1e374e0 <8>
        [798]  -r-> 7ffee1e374e0 <8>
        [818]  -r-> 7ffee1e374e0 <8>
        [838]  -r-> 7ffee1e374e0 <8>
        [858]  -r-> 7ffee1e374e0 <8>
        [878]  -r-> 7ffee1e374e0 <8>
        [898]  -r-> 7ffee1e374e0 <8>
        [918]  -r-> 7ffee1e374e0 <8>
        [938]  -r-> 7ffee1e374e0 <8>
        [958]  -r-> 7ffee1e374e0 <8>
        [978]  -r-> 7ffee1e374e0 <8>
        [998]  -r-> 7ffee1e374e0 <8>
10ddc8de5 CMP -r-> rdi rax -w-> rflags
        [759]  no mem access
        [779]  no mem access
        [799]  no mem access
        [819]  no mem access
        [839]  no mem access
        [859]  no mem access
        [879]  no mem access
        [899]  no mem access
        [919]  no mem access
        [939]  no mem access
        [959]  no mem access
        [979]  no mem access
        [999]  no mem access
10ddc8de8 JNB -r-> rip rflags -w-> rip
        [760]  no mem access
        [780]  no mem access
        [800]  no mem access
        [820]  no mem access
        [840]  no mem access
        [860]  no mem access
        [880]  no mem access
        [900]  no mem access
        [920]  no mem access
        [940]  no mem access
        [960]  no mem access
        [980]  no mem access
        [1000]  no mem access
10ddc8dee MOV -r-> rbp -w-> rax
        [761]  -r-> 7ffee1e37500 <8>
        [781]  -r-> 7ffee1e37500 <8>
        [801]  -r-> 7ffee1e37500 <8>
        [821]  -r-> 7ffee1e37500 <8>
        [841]  -r-> 7ffee1e37500 <8>
        [861]  -r-> 7ffee1e37500 <8>
        [881]  -r-> 7ffee1e37500 <8>
        [901]  -r-> 7ffee1e37500 <8>
        [921]  -r-> 7ffee1e37500 <8>
        [941]  -r-> 7ffee1e37500 <8>
        [961]  -r-> 7ffee1e37500 <8>
        [981]  -r-> 7ffee1e37500 <8>
10ddc8df5 MOVSXD -r-> rbp -w-> rcx
        [762]  -r-> 7ffee1e374f4 <4>
        [782]  -r-> 7ffee1e374f4 <4>
        [802]  -r-> 7ffee1e374f4 <4>
        [822]  -r-> 7ffee1e374f4 <4>
        [842]  -r-> 7ffee1e374f4 <4>
        [862]  -r-> 7ffee1e374f4 <4>
        [882]  -r-> 7ffee1e374f4 <4>
        [902]  -r-> 7ffee1e374f4 <4>
        [922]  -r-> 7ffee1e374f4 <4>
        [942]  -r-> 7ffee1e374f4 <4>
        [962]  -r-> 7ffee1e374f4 <4>
        [982]  -r-> 7ffee1e374f4 <4>
10ddc8dfc MOV -r-> rax rcx -w-> dl
        [763]  -r-> 10ddc8f90 <1>
        [783]  -r-> 10ddc8f91 <1>
        [803]  -r-> 10ddc8f92 <1>
        [823]  -r-> 10ddc8f93 <1>
        [843]  -r-> 10ddc8f94 <1>
        [863]  -r-> 10ddc8f95 <1>
        [883]  -r-> 10ddc8f96 <1>
        [903]  -r-> 10ddc8f97 <1>
        [923]  -r-> 10ddc8f98 <1>
        [943]  -r-> 10ddc8f99 <1>
        [963]  -r-> 10ddc8f9a <1>
        [983]  -r-> 10ddc8f9b <1>
10ddc8dff MOVSXD -r-> rbp -w-> rax
        [764]  -r-> 7ffee1e374f4 <4>
        [784]  -r-> 7ffee1e374f4 <4>
        [804]  -r-> 7ffee1e374f4 <4>
        [824]  -r-> 7ffee1e374f4 <4>
        [844]  -r-> 7ffee1e374f4 <4>
        [864]  -r-> 7ffee1e374f4 <4>
        [884]  -r-> 7ffee1e374f4 <4>
        [904]  -r-> 7ffee1e374f4 <4>
        [924]  -r-> 7ffee1e374f4 <4>
        [944]  -r-> 7ffee1e374f4 <4>
        [964]  -r-> 7ffee1e374f4 <4>
        [984]  -r-> 7ffee1e374f4 <4>
10ddc8e06 MOV -r-> rbp rax dl
        [765]  -w-> 7ffee1e37520 <1>
        [785]  -w-> 7ffee1e37521 <1>
        [805]  -w-> 7ffee1e37522 <1>
        [825]  -w-> 7ffee1e37523 <1>
        [845]  -w-> 7ffee1e37524 <1>
        [865]  -w-> 7ffee1e37525 <1>
        [885]  -w-> 7ffee1e37526 <1>
        [905]  -w-> 7ffee1e37527 <1>
        [925]  -w-> 7ffee1e37528 <1>
        [945]  -w-> 7ffee1e37529 <1>
        [965]  -w-> 7ffee1e3752a <1>
        [985]  -w-> 7ffee1e3752b <1>
10ddc8e0d MOV -r-> rbp -w-> esi
        [766]  -r-> 7ffee1e374fc <4>
        [786]  -r-> 7ffee1e374fc <4>
        [806]  -r-> 7ffee1e374fc <4>
        [826]  -r-> 7ffee1e374fc <4>
        [846]  -r-> 7ffee1e374fc <4>
        [866]  -r-> 7ffee1e374fc <4>
        [886]  -r-> 7ffee1e374fc <4>
        [906]  -r-> 7ffee1e374fc <4>
        [926]  -r-> 7ffee1e374fc <4>
        [946]  -r-> 7ffee1e374fc <4>
        [966]  -r-> 7ffee1e374fc <4>
        [986]  -r-> 7ffee1e374fc <4>
10ddc8e13 ADD -r-> esi -w-> esi rflags
        [767]  no mem access
        [787]  no mem access
        [807]  no mem access
        [827]  no mem access
        [847]  no mem access
        [867]  no mem access
        [887]  no mem access
        [907]  no mem access
        [927]  no mem access
        [947]  no mem access
        [967]  no mem access
        [987]  no mem access
10ddc8e16 MOV -r-> rbp esi
        [768]  -w-> 7ffee1e374fc <4>
        [788]  -w-> 7ffee1e374fc <4>
        [808]  -w-> 7ffee1e374fc <4>
        [828]  -w-> 7ffee1e374fc <4>
        [848]  -w-> 7ffee1e374fc <4>
        [868]  -w-> 7ffee1e374fc <4>
        [888]  -w-> 7ffee1e374fc <4>
        [908]  -w-> 7ffee1e374fc <4>
        [928]  -w-> 7ffee1e374fc <4>
        [948]  -w-> 7ffee1e374fc <4>
        [968]  -w-> 7ffee1e374fc <4>
        [988]  -w-> 7ffee1e374fc <4>
10ddc8e1c MOV -r-> rbp -w-> eax
        [769]  -r-> 7ffee1e374f4 <4>
        [789]  -r-> 7ffee1e374f4 <4>
        [809]  -r-> 7ffee1e374f4 <4>
        [829]  -r-> 7ffee1e374f4 <4>
        [849]  -r-> 7ffee1e374f4 <4>
        [869]  -r-> 7ffee1e374f4 <4>
        [889]  -r-> 7ffee1e374f4 <4>
        [909]  -r-> 7ffee1e374f4 <4>
        [929]  -r-> 7ffee1e374f4 <4>
        [949]  -r-> 7ffee1e374f4 <4>
        [969]  -r-> 7ffee1e374f4 <4>
        [989]  -r-> 7ffee1e374f4 <4>
10ddc8e22 ADD -r-> eax -w-> eax rflags
        [770]  no mem access
        [790]  no mem access
        [810]  no mem access
        [830]  no mem access
        [850]  no mem access
        [870]  no mem access
        [890]  no mem access
        [910]  no mem access
        [930]  no mem access
        [950]  no mem access
        [970]  no mem access
        [990]  no mem access
10ddc8e25 MOV -r-> rbp eax
        [771]  -w-> 7ffee1e374f4 <4>
        [791]  -w-> 7ffee1e374f4 <4>
        [811]  -w-> 7ffee1e374f4 <4>
        [831]  -w-> 7ffee1e374f4 <4>
        [851]  -w-> 7ffee1e374f4 <4>
        [871]  -w-> 7ffee1e374f4 <4>
        [891]  -w-> 7ffee1e374f4 <4>
        [911]  -w-> 7ffee1e374f4 <4>
        [931]  -w-> 7ffee1e374f4 <4>
        [951]  -w-> 7ffee1e374f4 <4>
        [971]  -w-> 7ffee1e374f4 <4>
        [991]  -w-> 7ffee1e374f4 <4>
10ddc8e2b JMP -r-> rip -w-> rip
        [772]  no mem access
        [792]  no mem access
        [812]  no mem access
        [832]  no mem access
        [852]  no mem access
        [872]  no mem access
        [892]  no mem access
        [912]  no mem access
        [932]  no mem access
        [952]  no mem access
        [972]  no mem access
        [992]  no mem access
10ddc8e30 MOVSXD -r-> rbp -w-> rax
        [1001]  -r-> 7ffee1e374f4 <4>
10ddc8e37 MOV -r-> rbp rax
        [1002]  -w-> 7ffee1e3752c <1>
10ddc8e3f CMP -r-> rbp -w-> rflags
        [1003]  -r-> 7ffee1e374f8 <4>
10ddc8e46 JZ -r-> rip rflags -w-> rip
        [1004]  no mem access
10ddc8e4c LEA -r-> rip -w-> rdi
10ddc8e53 MOV -w-> al
10ddc8e55 CALL_NEAR -r-> rip rsp -w-> rip rsp
10ddc8edd LEA -r-> rip -w-> rdi
        [1005]  no mem access
10ddc8ee4 LEA -r-> rbp -w-> rsi
        [1006]  no mem access
10ddc8eeb MOVSD_XMM -r-> rbp -w-> xmm0 (float)
        [1007]  -r-> 7ffee1e37678 <8>
10ddc8ef3 CVTSS2SD -r-> rbp -w-> xmm1 (float)
        [1008]  -r-> 7ffee1e37628 <4>
10ddc8efb MOV -w-> al
        [1009]  no mem access
10ddc8efd CALL_NEAR -r-> rip rsp -w-> rip rsp
        [1010]  -w-> 7ffee1e374b8 <8>
10ddc8f02 MOV -r-> rip -w-> rsi
        [1017]  -r-> 10ddc9000 <8>
10ddc8f09 MOV -r-> rsi -w-> rsi
        [1018]  -r-> 7fffaefec070 <8>
10ddc8f0c MOV -r-> rbp -w-> rdi
        [1019]  -r-> 7ffee1e37718 <8>
10ddc8f10 CMP -r-> rsi rdi -w-> rflags
        [1020]  no mem access
10ddc8f13 MOV -r-> rbp eax
        [1021]  -w-> 7ffee1e374cc <4>
10ddc8f19 JNZ -r-> rip rflags -w-> rip
        [1022]  no mem access
10ddc8f1f XOR -r-> eax eax -w-> eax rflags
        [1023]  no mem access
10ddc8f21 ADD -r-> rsp -w-> rsp rflags
        [1024]  no mem access
10ddc8f28 POP -r-> rsp -w-> rbp rsp
        [1025]  -r-> 7ffee1e37720 <8>
10ddc8f29 RET_NEAR -r-> rsp -w-> rip rsp
        [1026]  -r-> 7ffee1e37728 <8>
10ddc8f36 JMP -r-> rip -w-> rip
        [1011]  -r-> 10ddc9020 <8>
10ddc8f3c JMP -r-> rip -w-> rip
        [20]  -r-> 10ddc9028 <8>
        [43]  -r-> 10ddc9028 <8>
        [61]  -r-> 10ddc9028 <8>
        [79]  -r-> 10ddc9028 <8>
        [97]  -r-> 10ddc9028 <8>
        [115]  -r-> 10ddc9028 <8>
        [133]  -r-> 10ddc9028 <8>
        [151]  -r-> 10ddc9028 <8>
        [169]  -r-> 10ddc9028 <8>
        [187]  -r-> 10ddc9028 <8>
        [205]  -r-> 10ddc9028 <8>
        [223]  -r-> 10ddc9028 <8>
        [241]  -r-> 10ddc9028 <8>
        [259]  -r-> 10ddc9028 <8>
        [277]  -r-> 10ddc9028 <8>
        [295]  -r-> 10ddc9028 <8>
        [313]  -r-> 10ddc9028 <8>
        [331]  -r-> 10ddc9028 <8>
        [349]  -r-> 10ddc9028 <8>
        [367]  -r-> 10ddc9028 <8>
        [388]  -r-> 10ddc9028 <8>
        [406]  -r-> 10ddc9028 <8>
        [424]  -r-> 10ddc9028 <8>
        [442]  -r-> 10ddc9028 <8>
        [460]  -r-> 10ddc9028 <8>
        [478]  -r-> 10ddc9028 <8>
        [496]  -r-> 10ddc9028 <8>
        [514]  -r-> 10ddc9028 <8>
        [532]  -r-> 10ddc9028 <8>
        [550]  -r-> 10ddc9028 <8>
        [568]  -r-> 10ddc9028 <8>
        [586]  -r-> 10ddc9028 <8>
        [604]  -r-> 10ddc9028 <8>
        [622]  -r-> 10ddc9028 <8>
        [640]  -r-> 10ddc9028 <8>
        [658]  -r-> 10ddc9028 <8>
        [676]  -r-> 10ddc9028 <8>
        [694]  -r-> 10ddc9028 <8>
        [712]  -r-> 10ddc9028 <8>
        [730]  -r-> 10ddc9028 <8>
10ddc8f42 JMP -r-> rip -w-> rip
        [752]  -r-> 10ddc9030 <8>
        [777]  -r-> 10ddc9030 <8>
        [797]  -r-> 10ddc9030 <8>
        [817]  -r-> 10ddc9030 <8>
        [837]  -r-> 10ddc9030 <8>
        [857]  -r-> 10ddc9030 <8>
        [877]  -r-> 10ddc9030 <8>
        [897]  -r-> 10ddc9030 <8>
        [917]  -r-> 10ddc9030 <8>
        [937]  -r-> 10ddc9030 <8>
        [957]  -r-> 10ddc9030 <8>
        [977]  -r-> 10ddc9030 <8>
        [997]  -r-> 10ddc9030 <8>
10ddc8f48 LEA -r-> rip -w-> r11
        [23]  no mem access
        [755]  no mem access
        [1014]  no mem access
10ddc8f4f PUSH -r-> r11 rsp -w-> rsp
        [24]  -w-> 7ffee1e374a8 <8>
        [756]  -w-> 7ffee1e374a8 <8>
        [1015]  -w-> 7ffee1e374a8 <8>
10ddc8f51 JMP -r-> rip -w-> rip
        [25]  -r-> 10ddc9008 <8>
        [757]  -r-> 10ddc9008 <8>
        [1016]  -r-> 10ddc9008 <8>
10ddc8f62 PUSH -r-> rsp -w-> rsp
        [1012]  -w-> 7ffee1e374b0 <8>
10ddc8f67 JMP -r-> rip -w-> rip
        [1013]  no mem access
10ddc8f6c PUSH -r-> rsp -w-> rsp
        [21]  -w-> 7ffee1e374b0 <8>
10ddc8f71 JMP -r-> rip -w-> rip
        [22]  no mem access
10ddc8f76 PUSH -r-> rsp -w-> rsp
        [753]  -w-> 7ffee1e374b0 <8>
10ddc8f7b JMP -r-> rip -w-> rip
        [754]  no mem access
